-------------------------------------------------------------------------------
Test set: com.selenium.test.junit.tests.PageObjectTest
-------------------------------------------------------------------------------
Tests run: 1, Failures: 0, Errors: 1, Skipped: 0, Time elapsed: 15.915 s <<< FAILURE! - in com.selenium.test.junit.tests.PageObjectTest
testSearch(com.selenium.test.junit.tests.PageObjectTest)  Time elapsed: 15.852 s  <<< ERROR!
org.openqa.selenium.NoSuchElementException: 
Unable to locate element: #masthead-search-term
For documentation on this error, please visit: http://seleniumhq.org/exceptions/no_such_element.html
Build info: version: '3.5.3', revision: 'a88d25fe6b', time: '2017-08-29T12:42:44.417Z'
System info: host: 'ip-172-31-0-63', ip: '172.31.0.63', os.name: 'Linux', os.arch: 'amd64', os.version: '4.4.0-1038-aws', java.version: '1.8.0_131'
Driver info: org.openqa.selenium.remote.RemoteWebDriver
Capabilities [{moz:profile=/tmp/rust_mozprofile.y6EBBRTKerel, rotatable=false, timeouts={implicit=0, pageLoad=300000, script=30000}, pageLoadStrategy=normal, moz:headless=false, platform=LINUX, specificationLevel=0, moz:accessibilityChecks=false, acceptInsecureCerts=true, browserVersion=56.0, platformVersion=4.4.0-1038-aws, moz:processID=446, browserName=firefox, javascriptEnabled=true, platformName=LINUX}]
Session ID: 2be6c1e5-74d7-4174-a2e1-cf86b6974884
*** Element info: {Using=css selector, value=#masthead-search-term}
	at com.selenium.test.junit.tests.PageObjectTest.testSearch(PageObjectTest.java:32)

